<?xml version="1.0" encoding="UTF-8"?>
<testng-results skipped="0" failed="0" ignored="0" total="2" passed="2">
  <reporter-output>
  </reporter-output>
  <suite name="Default suite" duration-ms="82" started-at="2019-11-16T12:33:41Z" finished-at="2019-11-16T12:33:41Z">
    <groups>
    </groups>
    <test name="Default test" duration-ms="82" started-at="2019-11-16T12:33:41Z" finished-at="2019-11-16T12:33:41Z">
      <class name="Ethans.company.NewTest">
        <test-method status="PASS" signature="launchBrowser()[pri:0, instance:Ethans.company.NewTest@3e6fa38a]" name="launchBrowser" duration-ms="25" started-at="2019-11-16T12:33:41Z" finished-at="2019-11-16T12:33:41Z">
          <reporter-output>
          </reporter-output>
        </test-method> <!-- launchBrowser -->
        <test-method status="PASS" signature="launchBrowser1()[pri:0, instance:Ethans.company.NewTest@3e6fa38a]" name="launchBrowser1" duration-ms="3" started-at="2019-11-16T12:33:41Z" finished-at="2019-11-16T12:33:41Z">
          <reporter-output>
          </reporter-output>
        </test-method> <!-- launchBrowser1 -->
      </class> <!-- Ethans.company.NewTest -->
    </test> <!-- Default test -->
  </suite> <!-- Default suite -->
</testng-results>
